{
  "stats": {
    "suites": 3,
    "tests": 2,
    "passes": 2,
    "pending": 0,
    "failures": 0,
    "start": "2017-08-25T10:56:05.076Z",
    "end": "2017-08-25T10:56:06.161Z",
    "duration": 1085,
    "testsRegistered": 2,
    "passPercent": 100,
    "pendingPercent": 0,
    "other": 0,
    "hasOther": false,
    "skipped": 0,
    "hasSkipped": false,
    "passPercentClass": "success",
    "pendingPercentClass": "danger"
  },
  "suites": {
    "title": "",
    "suites": [
      {
        "title": "Nodeuii Service自动化脚本",
        "suites": [
          {
            "title": "API接口测试",
            "suites": [],
            "tests": [
              {
                "title": "获取城市列表API",
                "fullTitle": "Nodeuii Service自动化脚本 API接口测试 获取城市列表API",
                "timedOut": false,
                "duration": 1044,
                "state": "passed",
                "speed": "slow",
                "pass": true,
                "fail": false,
                "pending": false,
                "code": "request()\n    .get('/index/getdata')\n    .set('Accept', 'application/json')\n    .expect('Content-Type', /json/)\n    .expect(200)\n    .end(function(err, res) {\n        if (res.body.length == 11) {\n            done();\n        }else{\n            //done(new Error('城市列表返回数据长度错误'));\n            done(err);\n        }\n    });",
                "err": {},
                "isRoot": false,
                "uuid": "44cb26b1-51ef-4108-a63f-b4e30e2fb808",
                "parentUUID": "9a680882-cc80-40c2-a3fe-ec0fe49ad9a5",
                "isHook": false,
                "skipped": false
              }
            ],
            "pending": [],
            "root": false,
            "_timeout": 2000,
            "file": "/test/service/router.spec.js",
            "uuid": "9a680882-cc80-40c2-a3fe-ec0fe49ad9a5",
            "beforeHooks": [],
            "afterHooks": [],
            "fullFile": "/Users/yuanzhijia/Desktop/yd-vue-ssr/test/service/router.spec.js",
            "passes": [
              {
                "title": "获取城市列表API",
                "fullTitle": "Nodeuii Service自动化脚本 API接口测试 获取城市列表API",
                "timedOut": false,
                "duration": 1044,
                "state": "passed",
                "speed": "slow",
                "pass": true,
                "fail": false,
                "pending": false,
                "code": "request()\n    .get('/index/getdata')\n    .set('Accept', 'application/json')\n    .expect('Content-Type', /json/)\n    .expect(200)\n    .end(function(err, res) {\n        if (res.body.length == 11) {\n            done();\n        }else{\n            //done(new Error('城市列表返回数据长度错误'));\n            done(err);\n        }\n    });",
                "err": {},
                "isRoot": false,
                "uuid": "44cb26b1-51ef-4108-a63f-b4e30e2fb808",
                "parentUUID": "9a680882-cc80-40c2-a3fe-ec0fe49ad9a5",
                "isHook": false,
                "skipped": false
              }
            ],
            "failures": [],
            "skipped": [],
            "hasBeforeHooks": false,
            "hasAfterHooks": false,
            "hasTests": true,
            "hasSuites": false,
            "totalTests": 1,
            "totalPasses": 1,
            "totalFailures": 0,
            "totalPending": 0,
            "totalSkipped": 0,
            "hasPasses": true,
            "hasFailures": false,
            "hasPending": false,
            "hasSkipped": false,
            "duration": 1044,
            "rootEmpty": false
          },
          {
            "title": "Nodeuii 容错能力测试",
            "suites": [],
            "tests": [
              {
                "title": "404容错脚本测试",
                "fullTitle": "Nodeuii Service自动化脚本 Nodeuii 容错能力测试 404容错脚本测试",
                "timedOut": false,
                "duration": 12,
                "state": "passed",
                "speed": "fast",
                "pass": true,
                "fail": false,
                "pending": false,
                "code": "request()\n    .get('/messages/notfound')\n    .expect(404, done);",
                "err": {},
                "isRoot": false,
                "uuid": "830eaa83-2875-4789-b76e-35a928ad7b81",
                "parentUUID": "81e7cf4a-e231-4b50-9d1c-5f3d4fe1ef97",
                "isHook": false,
                "skipped": false
              }
            ],
            "pending": [],
            "root": false,
            "_timeout": 2000,
            "file": "/test/service/router.spec.js",
            "uuid": "81e7cf4a-e231-4b50-9d1c-5f3d4fe1ef97",
            "beforeHooks": [],
            "afterHooks": [],
            "fullFile": "/Users/yuanzhijia/Desktop/yd-vue-ssr/test/service/router.spec.js",
            "passes": [
              {
                "title": "404容错脚本测试",
                "fullTitle": "Nodeuii Service自动化脚本 Nodeuii 容错能力测试 404容错脚本测试",
                "timedOut": false,
                "duration": 12,
                "state": "passed",
                "speed": "fast",
                "pass": true,
                "fail": false,
                "pending": false,
                "code": "request()\n    .get('/messages/notfound')\n    .expect(404, done);",
                "err": {},
                "isRoot": false,
                "uuid": "830eaa83-2875-4789-b76e-35a928ad7b81",
                "parentUUID": "81e7cf4a-e231-4b50-9d1c-5f3d4fe1ef97",
                "isHook": false,
                "skipped": false
              }
            ],
            "failures": [],
            "skipped": [],
            "hasBeforeHooks": false,
            "hasAfterHooks": false,
            "hasTests": true,
            "hasSuites": false,
            "totalTests": 1,
            "totalPasses": 1,
            "totalFailures": 0,
            "totalPending": 0,
            "totalSkipped": 0,
            "hasPasses": true,
            "hasFailures": false,
            "hasPending": false,
            "hasSkipped": false,
            "duration": 12,
            "rootEmpty": false
          }
        ],
        "tests": [],
        "pending": [],
        "root": false,
        "_timeout": 2000,
        "file": "/test/service/router.spec.js",
        "uuid": "c4b6bff6-7cb0-4f17-a3fe-3dbbe70b743e",
        "beforeHooks": [],
        "afterHooks": [],
        "fullFile": "/Users/yuanzhijia/Desktop/yd-vue-ssr/test/service/router.spec.js",
        "passes": [],
        "failures": [],
        "skipped": [],
        "hasBeforeHooks": false,
        "hasAfterHooks": false,
        "hasTests": false,
        "hasSuites": true,
        "totalTests": 0,
        "totalPasses": 0,
        "totalFailures": 0,
        "totalPending": 0,
        "totalSkipped": 0,
        "hasPasses": false,
        "hasFailures": false,
        "hasPending": false,
        "hasSkipped": false,
        "duration": 0,
        "rootEmpty": false
      }
    ],
    "tests": [],
    "pending": [],
    "root": true,
    "_timeout": 2000,
    "uuid": "8df7ac8f-6cd2-4bd9-a66c-714fe8231ea2",
    "beforeHooks": [],
    "afterHooks": [],
    "fullFile": "",
    "file": "",
    "passes": [],
    "failures": [],
    "skipped": [],
    "hasBeforeHooks": false,
    "hasAfterHooks": false,
    "hasTests": false,
    "hasSuites": true,
    "totalTests": 0,
    "totalPasses": 0,
    "totalFailures": 0,
    "totalPending": 0,
    "totalSkipped": 0,
    "hasPasses": false,
    "hasFailures": false,
    "hasPending": false,
    "hasSkipped": false,
    "duration": 0,
    "rootEmpty": true
  },
  "allTests": [
    {
      "title": "获取城市列表API",
      "fullTitle": "API接口测试 获取城市列表API",
      "timedOut": false,
      "duration": 1044,
      "state": "passed",
      "speed": "slow",
      "pass": true,
      "fail": false,
      "pending": false,
      "code": "request()\n    .get('/index/getdata')\n    .set('Accept', 'application/json')\n    .expect('Content-Type', /json/)\n    .expect(200)\n    .end(function(err, res) {\n        if (res.body.length == 11) {\n            done();\n        }else{\n            //done(new Error('城市列表返回数据长度错误'));\n            done(err);\n        }\n    });",
      "err": {},
      "isRoot": false,
      "uuid": "44cb26b1-51ef-4108-a63f-b4e30e2fb808",
      "parentUUID": "9a680882-cc80-40c2-a3fe-ec0fe49ad9a5",
      "isHook": false,
      "skipped": false
    },
    {
      "title": "404容错脚本测试",
      "fullTitle": "Nodeuii 容错能力测试 404容错脚本测试",
      "timedOut": false,
      "duration": 12,
      "state": "passed",
      "speed": "fast",
      "pass": true,
      "fail": false,
      "pending": false,
      "code": "request()\n    .get('/messages/notfound')\n    .expect(404, done);",
      "err": {},
      "isRoot": false,
      "uuid": "830eaa83-2875-4789-b76e-35a928ad7b81",
      "parentUUID": "81e7cf4a-e231-4b50-9d1c-5f3d4fe1ef97",
      "isHook": false,
      "skipped": false
    }
  ],
  "allPending": [],
  "allPasses": [
    {
      "title": "获取城市列表API",
      "fullTitle": "API接口测试 获取城市列表API",
      "timedOut": false,
      "duration": 1044,
      "state": "passed",
      "speed": "slow",
      "pass": true,
      "fail": false,
      "pending": false,
      "code": "request()\n    .get('/index/getdata')\n    .set('Accept', 'application/json')\n    .expect('Content-Type', /json/)\n    .expect(200)\n    .end(function(err, res) {\n        if (res.body.length == 11) {\n            done();\n        }else{\n            //done(new Error('城市列表返回数据长度错误'));\n            done(err);\n        }\n    });",
      "err": {},
      "isRoot": false,
      "uuid": "44cb26b1-51ef-4108-a63f-b4e30e2fb808",
      "parentUUID": "9a680882-cc80-40c2-a3fe-ec0fe49ad9a5",
      "isHook": false,
      "skipped": false
    },
    {
      "title": "404容错脚本测试",
      "fullTitle": "Nodeuii 容错能力测试 404容错脚本测试",
      "timedOut": false,
      "duration": 12,
      "state": "passed",
      "speed": "fast",
      "pass": true,
      "fail": false,
      "pending": false,
      "code": "request()\n    .get('/messages/notfound')\n    .expect(404, done);",
      "err": {},
      "isRoot": false,
      "uuid": "830eaa83-2875-4789-b76e-35a928ad7b81",
      "parentUUID": "81e7cf4a-e231-4b50-9d1c-5f3d4fe1ef97",
      "isHook": false,
      "skipped": false
    }
  ],
  "allFailures": [],
  "copyrightYear": 2017
}